<?xml version="1.0" encoding="UTF-8"?><testsuite errors="0" failures="1" name="Filling out the form to create a user" skipped="0" tests="1" time="35.98" timestamp="2023-08-26 09:36:24"><testcase name="Create user successfully"><failure message="Expected enabled element was not enabled" type="net.thucydides.core.webdriver.exceptions.ElementShouldBeEnabledException">Expected enabled element was not enabled</failure><system-err>Expected enabled element was not enabled&#13;
tasks.Task_LlenadoFormulario.performAs(Task_LlenadoFormulario.java:49)&#13;
co.com.choucair.certification.utest.stepdefinitions.ChoucairAcademyStepDefinitions.youCanFillTheLoginFieldsForTheStartOfSession(ChoucairAcademyStepDefinitions.java:35)&#13;
cucumber.runner.Runner.runPickle(Runner.java:80)&#13;
</system-err></testcase></testsuite>